
> vibe-generated-app@1.0.0 dev
> vite


  VITE v5.4.20  ready in 224 ms

  ➜  Local:   http://localhost:3000/
  ➜  Network: http://172.20.10.122:3000/
7:11:28 PM [vite] Pre-transform error: Transform failed with 1 error:
/home/workspace/src/components/ExperienceProjects.jsx:114:39: ERROR: Expected "{" but found "\\"
7:11:29 PM [vite] Internal server error: Transform failed with 1 error:
/home/workspace/src/components/ExperienceProjects.jsx:114:39: ERROR: Expected "{" but found "\\"
  Plugin: vite:esbuild
  File: /home/workspace/src/components/ExperienceProjects.jsx:114:39
  
  Expected "{" but found "\\"
  112|              link="https://play.google.com/store/apps/details?id=togi.games"
  113|              badge="Google Play"
  114|              storeIcon={<Play className=\"h-5 w-5 text-green-300\" />}
     |                                         ^
  115|            />
  116|          </motion.div>
  
      at failureErrorWithLog (/home/workspace/node_modules/esbuild/lib/main.js:1472:15)
      at /home/workspace/node_modules/esbuild/lib/main.js:755:50
      at responseCallbacks.<computed> (/home/workspace/node_modules/esbuild/lib/main.js:622:9)
      at handleIncomingPacket (/home/workspace/node_modules/esbuild/lib/main.js:677:12)
      at Socket.readFromStdout (/home/workspace/node_modules/esbuild/lib/main.js:600:7)
      at Socket.emit (node:events:508:28)
      at addChunk (node:internal/streams/readable:559:12)
      at readableAddChunkPushByteMode (node:internal/streams/readable:510:3)
      at Readable.push (node:internal/streams/readable:390:5)
      at Pipe.onStreamRead (node:internal/stream_base_commons:189:23)
7:11:29 PM [vite] ✨ new dependencies optimized: lucide-react, framer-motion, @splinetool/react-spline
7:11:29 PM [vite] ✨ optimized dependencies changed. reloading
7:11:30 PM [vite] Pre-transform error: Transform failed with 1 error:
/home/workspace/src/components/ExperienceProjects.jsx:114:39: ERROR: Expected "{" but found "\\"
7:12:11 PM [vite] Internal server error: Transform failed with 1 error:
/home/workspace/src/components/ExperienceProjects.jsx:114:39: ERROR: Expected "{" but found "\\"
  Plugin: vite:esbuild
  File: /home/workspace/src/components/ExperienceProjects.jsx:114:39
  
  Expected "{" but found "\\"
  112|              link="https://play.google.com/store/apps/details?id=togi.games"
  113|              badge="Google Play"
  114|              storeIcon={<Play className=\"h-5 w-5 text-green-300\" />}
     |                                         ^
  115|            />
  116|          </motion.div>
  
      at failureErrorWithLog (/home/workspace/node_modules/esbuild/lib/main.js:1472:15)
      at /home/workspace/node_modules/esbuild/lib/main.js:755:50
      at responseCallbacks.<computed> (/home/workspace/node_modules/esbuild/lib/main.js:622:9)
      at handleIncomingPacket (/home/workspace/node_modules/esbuild/lib/main.js:677:12)
      at Socket.readFromStdout (/home/workspace/node_modules/esbuild/lib/main.js:600:7)
      at Socket.emit (node:events:508:28)
      at addChunk (node:internal/streams/readable:559:12)
      at readableAddChunkPushByteMode (node:internal/streams/readable:510:3)
      at Readable.push (node:internal/streams/readable:390:5)
      at Pipe.onStreamRead (node:internal/stream_base_commons:189:23)
